<?xml version="1.0" encoding="UTF-8" ?>
<testsuites errors="0"
            failures="0"
            tests="3">

  <testsuite name="testReporter"
    errors="0" failures="0" hostname="" id="" package="runner" skipped="0"
    tests="3" time="0.004000" timestamp="Tue, 20 Sep 2016 22:54:24 GMT">
  
    <testcase name="test with unknown reporter" time="0.000" assertions="0">
    </testcase>
  
    <testcase name="test with not valid reporter" time="0.001000" assertions="0">
    </testcase>
  
    <testcase name="test with valid reporter" time="0.003000" assertions="0">
    </testcase>
  
  
  </testsuite>
</testsuites>
