<?xml version="1.0" encoding="UTF-8" ?>
<testsuites errors="0"
            failures="0"
            tests="6">

  <testsuite name="testRunTestsuite"
    errors="0" failures="0" hostname="" id="" package="runner" skipped="0"
    tests="6" time="0.4330" timestamp="Tue, 20 Sep 2016 22:54:24 GMT">
  
    <testcase name="testRunSuiteRetries" time="0.03300" assertions="0">
    </testcase>
  
    <testcase name="testRunSuiteRetriesNoSkipTestcasesOnFail" time="0.07100" assertions="0">
    </testcase>
  
    <testcase name="test clear command queue when run with suiteRetries" time="0.07200" assertions="0">
    </testcase>
  
    <testcase name="testRunModuleSyncName" time="0.05800" assertions="0">
    </testcase>
  
    <testcase name="test run multiple sources and same module name" time="0.1520" assertions="0">
    </testcase>
  
    <testcase name="testRunMultipleSrcFolders" time="0.04700" assertions="0">
    </testcase>
  
  
  </testsuite>
</testsuites>
